app/build/outputs/mapping/release/seeds.txt
com.lostastra.duroodcounter.MainActivity
com.lostastra.duroodcounter.MainActivity: MainActivity()
...
androidx.compose.ui.input.pointer.SuspendPointerInputElement
androidx.lifecycle.ReportFragment
kotlin.coroutines.jvm.internal.BaseContinuationImpl
androidx.compose.foundation.layout.UnspecifiedConstraintsElement
androidx.compose.ui.semantics.AppendedSemanticsElement
androidx.compose.foundation.BorderModifierNodeElement
androidx.annotation.Keep
androidx.graphics.path.ConicConverter
androidx.compose.ui.semantics.EmptySemanticsElement
kotlinx.coroutines.internal.ConcurrentLinkedListNode: java.lang.Object _next$volatile
kotlinx.coroutines.JobSupport$Finishing: java.lang.Object _rootCause$volatile
kotlinx.coroutines.CancellableContinuationImpl: int _decisionAndIndex$volatile
androidx.activity.result.ActivityResult: android.os.Parcelable$Creator CREATOR
kotlinx.coroutines.channels.BufferedChannel: java.lang.Object bufferEndSegment$volatile
androidx.concurrent.futures.AbstractResolvableFuture: java.lang.Object value
kotlinx.coroutines.sync.SemaphoreAndMutexImpl: java.lang.Object tail$volatile
androidx.datastore.preferences.PreferencesProto$Value: int DOUBLE_FIELD_NUMBER
androidx.lifecycle.ProcessLifecycleOwner$attach$1: androidx.lifecycle.ProcessLifecycleOwner this$0
kotlinx.coroutines.android.AndroidExceptionPreHandler: java.lang.Object _preHandler
kotlinx.coroutines.channels.BufferedChannel: java.lang.Object _closeCause$volatile
kotlinx.coroutines.internal.LimitedDispatcher: int runningWorkers$volatile
androidx.lifecycle.Lifecycle$Event: androidx.lifecycle.Lifecycle$Event ON_ANY
kotlinx.coroutines.internal.ResizableAtomicArray: java.util.concurrent.atomic.AtomicReferenceArray array
kotlinx.coroutines.scheduling.CoroutineScheduler$Worker: int workerCtl$volatile
kotlinx.coroutines.CancellableContinuationImpl: java.lang.Object _parentHandle$volatile
kotlinx.coroutines.scheduling.WorkQueue: java.lang.Object lastScheduledTask$volatile
androidx.lifecycle.Lifecycle$Event: androidx.lifecycle.Lifecycle$Event ON_STOP
androidx.compose.runtime.ParcelableSnapshotMutableState: android.os.Parcelable$Creator CREATOR
kotlinx.coroutines.scheduling.WorkQueue: int blockingTasksInBuffer$volatile
kotlinx.coroutines.DefaultExecutor: java.lang.Thread _thread
kotlinx.coroutines.internal.DispatchedContinuation: java.lang.Object _reusableCancellableContinuation$volatile
androidx.datastore.preferences.PreferencesProto$StringSet: androidx.datastore.preferences.protobuf.Internal$ProtobufList strings_
androidx.datastore.preferences.PreferencesProto$Value: java.lang.Object value_
androidx.datastore.preferences.PreferencesProto$StringSet: androidx.datastore.preferences.PreferencesProto$StringSet DEFAULT_INSTANCE
androidx.versionedparcelable.ParcelImpl: android.os.Parcelable$Creator CREATOR
kotlinx.coroutines.internal.LockFreeTaskQueueCore: long _state$volatile
kotlinx.coroutines.scheduling.CoroutineScheduler$Worker: java.lang.Object nextParkedWorker
kotlinx.coroutines.scheduling.CoroutineScheduler$Worker: int indexInArray
kotlinx.coroutines.InvokeOnCancelling: int _invoked$volatile
androidx.datastore.preferences.PreferencesProto$Value: androidx.datastore.preferences.PreferencesProto$Value DEFAULT_INSTANCE
androidx.datastore.preferences.PreferencesProto$Value: androidx.datastore.preferences.protobuf.Parser PARSER
kotlinx.coroutines.flow.StateFlowImpl: java.lang.Object _state$volatile
androidx.datastore.preferences.PreferencesProto$PreferenceMap: androidx.datastore.preferences.PreferencesProto$PreferenceMap DEFAULT_INSTANCE
androidx.datastore.preferences.PreferencesProto$Value: int bitField0_
androidx.datastore.preferences.PreferencesProto$Value: int BOOLEAN_FIELD_NUMBER
kotlinx.coroutines.channels.BufferedChannel: java.lang.Object sendSegment$volatile
kotlinx.coroutines.internal.ThreadSafeHeap: int _size$volatile
androidx.datastore.preferences.PreferencesProto$Value: int STRING_SET_FIELD_NUMBER
kotlinx.coroutines.channels.BufferedChannel: long receivers$volatile
androidx.datastore.preferences.protobuf.GeneratedMessageLite: java.util.Map defaultInstanceMap