app/build/outputs/mapping/release/usage.txt
com.lostastra.duroodcounter.MainActivity:
    public static final int $stable
com.lostastra.duroodcounter.R$drawable
com.lostastra.duroodcounter.R$font:
    private void <init>()
com.lostastra.duroodcounter.R$mipmap
com.lostastra.duroodcounter.R$string:
    public static int app_name
    private void <init>()
com.lostastra.duroodcounter.R$style
com.lostastra.duroodcounter.R
com.lostastra.duroodcounter.core.Haptics
com.lostastra.duroodcounter.data.CounterSnapshot:
    public static final int $stable
    public final int component1()
    public final int component2()
    public final com.lostastra.duroodcounter.data.CounterSnapshot copy(int,int)
    public static synthetic com.lostastra.duroodcounter.data.CounterSnapshot copy$default(com.lostastra.duroodcounter.data.CounterSnapshot,int,int,int,java.lang.Object)
com.lostastra.duroodcounter.data.DefaultCounterRepository$special$$inlined$map$1$2$1:
    java.lang.Object L$0
com.lostastra.duroodcounter.data.datastore.CounterLocalDataSource$setCompletedSets$2
com.lostastra.duroodcounter.data.datastore.CounterLocalDataSource$setCurrentCount$2
com.lostastra.duroodcounter.data.datastore.CounterLocalDataSource$special$$inlined$map$1$2$1:
    java.lang.Object L$0
com.lostastra.duroodcounter.data.datastore.CounterLocalDataSource:
    public final java.lang.Object setCompletedSets(int,java.lang.Long,kotlin.coroutines.Continuation)
    public static synthetic java.lang.Object setCompletedSets$default(com.lostastra.duroodcounter.data.datastore.CounterLocalDataSource,int,java.lang.Long,kotlin.coroutines.Continuation,int,java.lang.Object)
    public final java.lang.Object setCurrentCount(int,java.lang.Long,kotlin.coroutines.Continuation)
    public static synthetic java.lang.Object setCurrentCount$default(com.lostastra.duroodcounter.data.datastore.CounterLocalDataSource,int,java.lang.Long,kotlin.coroutines.Continuation,int,java.lang.Object)
    public static synthetic java.lang.Object setValues$default(com.lostastra.duroodcounter.data.datastore.CounterLocalDataSource,int,int,java.lang.Long,kotlin.coroutines.Continuation,int,java.lang.Object)
    public static synthetic java.lang.Object updateAtomic$default(com.lostastra.duroodcounter.data.datastore.CounterLocalDataSource,java.lang.Long,kotlin.jvm.functions.Function2,kotlin.coroutines.Continuation,int,java.lang.Object)
com.lostastra.duroodcounter.data.datastore.CounterPrefsDto:
    public static final int $stable
    public final int component1()
    public final int component2()
    public final java.lang.Long component3()
    public final com.lostastra.duroodcounter.data.datastore.CounterPrefsDto copy(int,int,java.lang.Long)
    public static synthetic com.lostastra.duroodcounter.data.datastore.CounterPrefsDto copy$default(com.lostastra.duroodcounter.data.datastore.CounterPrefsDto,int,int,java.lang.Long,int,java.lang.Object)
    public final java.lang.Long getLastUpdatedEpochMs()
com.lostastra.duroodcounter.di.AppModule:
    public static final int $stable
com.lostastra.duroodcounter.presentation.CounterState:
    public static final int $stable
    public void <init>()
    public final int component1()
    public final int component2()
    public final com.lostastra.duroodcounter.presentation.CounterState copy(int,int)
    public static synthetic com.lostastra.duroodcounter.presentation.CounterState copy$default(com.lostastra.duroodcounter.presentation.CounterState,int,int,int,java.lang.Object)
com.lostastra.duroodcounter.ui.components.ComposableSingletons$PrimaryButtonKt$lambda-1$1
com.lostastra.duroodcounter.ui.components.ComposableSingletons$PrimaryButtonKt
com.lostastra.duroodcounter.ui.components.CounterCardKt$CounterCard$1
com.lostastra.duroodcounter.ui.components.CounterCardKt
com.lostastra.duroodcounter.ui.components.HeaderArabicKt$HeaderArabic$1
com.lostastra.duroodcounter.ui.components.HeaderArabicKt
com.lostastra.duroodcounter.ui.components.PrimaryButtonKt
...
androidx.compose.material.icons.twotone.NavigationKt
androidx.compose.material.icons.twotone.NearMeDisabledKt
androidx.compose.material.icons.twotone.NearMeKt
androidx.compose.material.icons.twotone.NearbyErrorKt
androidx.compose.material.icons.twotone.NearbyOffKt
androidx.compose.material.icons.twotone.NestCamWiredStandKt
androidx.compose.material.icons.twotone.NetworkCellKt
androidx.compose.material.icons.twotone.NetworkCheckKt
androidx.compose.material.icons.twotone.NetworkLockedKt
androidx.compose.material.icons.twotone.NetworkPingKt
androidx.compose.material.icons.twotone.NetworkWifi1BarKt
androidx.compose.material.icons.twotone.NetworkWifi2BarKt
androidx.compose.material.icons.twotone.NetworkWifi3BarKt
androidx.compose.material.icons.twotone.NetworkWifiKt
androidx.compose.material.icons.twotone.NewLabelKt
androidx.compose.material.icons.twotone.NewReleasesKt
androidx.compose.material.icons.twotone.NewspaperKt
androidx.compose.material.icons.twotone.NextPlanKt
androidx.compose.material.icons.twotone.NextWeekKt
androidx.compose.material.icons.twotone.NfcKt
androidx.compose.material.icons.twotone.NightShelterKt
androidx.compose.material.icons.twotone.NightlifeKt
androidx.compose.material.icons.twotone.NightlightKt
androidx.compose.material.icons.twotone.NightlightRoundKt
androidx.compose.material.icons.twotone.NightsStayKt
androidx.compose.material.icons.twotone.NoAccountsKt
androidx.compose.material.icons.twotone.NoAdultContentKt
androidx.compose.material.icons.twotone.NoBackpackKt
androidx.compose.material.icons.twotone.NoCellKt
androidx.compose.material.icons.twotone.NoCrashKt
androidx.compose.material.icons.twotone.NoDrinksKt
androidx.compose.material.icons.twotone.NoEncryptionGmailerrorredKt
androidx.compose.material.icons.twotone.NoEncryptionKt
androidx.compose.material.icons.twotone.NoFlashKt
androidx.compose.material.icons.twotone.NoFoodKt
androidx.compose.material.icons.twotone.NoLuggageKt
androidx.compose.material.icons.twotone.NoMealsKt
androidx.compose.material.icons.twotone.NoMeetingRoomKt
androidx.compose.material.icons.twotone.NoPhotographyKt
androidx.compose.material.icons.twotone.NoSimKt
androidx.compose.material.icons.twotone.NoStrollerKt
androidx.compose.material.icons.twotone.NoTransferKt
androidx.compose.material.icons.twotone.NoiseAwareKt
androidx.compose.material.icons.twotone.NoiseControlOffKt
androidx.compose.material.icons.twotone.NordicWalkingKt
androidx.compose.material.icons.twotone.NorthEastKt
androidx.compose.material.icons.twotone.NorthKt
androidx.compose.material.icons.twotone.NorthWestKt
androidx.compose.material.icons.twotone.NotAccessibleKt
androidx.compose.material.icons.twotone.NotInterestedKt
androidx.compose.material.icons.twotone.NotListedLocationKt
androidx.compose.material.icons.twotone.NotStartedKt
androidx.compose.material.icons.twotone.NoteAddKt
androidx.compose.material.icons.twotone.NoteAltKt
androidx.compose.material.icons.twotone.NoteKt
androidx.compose.material.icons.twotone.NotesKt
androidx.compose.material.icons.twotone.NotificationAddKt
androidx.compose.material.icons.twotone.NotificationImportantKt
androidx.compose.material.icons.twotone.NotificationsActiveKt
androidx.compose.material.icons.twotone.NotificationsKt
androidx.compose.material.icons.twotone.NotificationsNoneKt
androidx.compose.material.icons.twotone.NotificationsOffKt
androidx.compose.material.icons.twotone.NotificationsPausedKt
androidx.compose.material.icons.twotone.NumbersKt
androidx.compose.material.icons.twotone.OfflineBoltKt
androidx.compose.material.icons.twotone.OfflinePinKt
androidx.compose.material.icons.twotone.OfflineShareKt
androidx.compose.material.icons.twotone.OilBarrelKt
androidx.compose.material.icons.twotone.OnDeviceTrainingKt
androidx.compose.material.icons.twotone.OndemandVideoKt
androidx.compose.material.icons.twotone.OnlinePredictionKt
androidx.compose.material.icons.twotone.OpacityKt
androidx.compose.material.icons.twotone.OpenInBrowserKt